Script started on Fri 19 Nov 2021 09:50:36 AM UTC
+ export LANG=en_US.UTF-8 LC_ALL=en_US.UTF-8
+ dirname glibc-unicode-sorting/run.sh
+ cd glibc-unicode-sorting
+ pwd
/home/ubuntu/glibc-unicode-sorting
+ dpkg -l libc6 locales
Desired=Unknown/Install/Remove/Purge/Hold
| Status=Not/Inst/Conf-files/Unpacked/halF-conf/Half-inst/trig-aWait/Trig-pend
|/ Err?=(none)/Reinst-required (Status,Err: uppercase=bad)
||/ Name           Version      Architecture Description
+++-==============-============-============-=================================
ii  libc6:amd64    2.19-0ubuntu amd64        Embedded GNU C Library: Shared li
ii  locales        2.13+git2012 all          common files for locale support
+ curl -s http://169.254.169.254/latest/meta-data/ami-id
+ SOURCE_AMI=ami-000b3a073fc20e415
+ cat /etc/issue
+ OS_VERS=Ubuntu 14.04.6 LTS \n \l
+ UNICODE_VERS=14
+ awk /libc6/{print$3}
+ dpkg -l libc6
+ GLIBC_VERS=2.19-0ubuntu6.15
+ time curl -kO https://www.unicode.org/Public/14.0.0/ucd/UnicodeData.txt
  % Total    % Received % Xferd  Average Speed   Time    Time     Time  Current
                                 Dload  Upload   Total   Spent    Left  Speed
  0     0    0     0    0     0      0      0 --:--:-- --:--:-- --:--:--     0 67 1853k   67 1248k    0     0  3017k      0 --:--:-- --:--:-- --:--:-- 3014k100 1853k  100 1853k    0     0  3952k      0 --:--:-- --:--:-- --:--:-- 3951k
0.00user 0.00system 0:00.47elapsed 2%CPU (0avgtext+0avgdata 4896maxresident)k
0inputs+3712outputs (0major+1336minor)pagefaults 0swaps
+ time perl -naF; -CO -e
  sub pr {print "0".chr($_[0]).chr($_[0]).chr($_[0]).chr($_[0])."0 ";printf("%08d\n",$_[0])}
  if(/<control>/){next}; # skip control characters
  if($F[2] eq "Cs"){next}; # skip surrogates
  if(/ First>/){$fi=hex("0x".$F[0]);next}; # generate blocks
  if(/ Last>/){$la=hex("0x".$F[0]);for($fi..$la){pr($_)};next};
  pr(hex("0x".$F[0])) # generate individual characters
 UnicodeData.txt
0.42user 0.00system 0:00.43elapsed 99%CPU (0avgtext+0avgdata 2120maxresident)k
0inputs+14936outputs (0major+580minor)pagefaults 0swaps
+ locale
LANG=en_US.UTF-8
LANGUAGE=
LC_CTYPE="en_US.UTF-8"
LC_NUMERIC="en_US.UTF-8"
LC_TIME="en_US.UTF-8"
LC_COLLATE="en_US.UTF-8"
LC_MONETARY="en_US.UTF-8"
LC_MESSAGES="en_US.UTF-8"
LC_PAPER="en_US.UTF-8"
LC_NAME="en_US.UTF-8"
LC_ADDRESS="en_US.UTF-8"
LC_TELEPHONE="en_US.UTF-8"
LC_MEASUREMENT="en_US.UTF-8"
LC_IDENTIFICATION="en_US.UTF-8"
LC_ALL=en_US.UTF-8
+ time sort base-characters.txt
2.64user 0.01system 0:02.66elapsed 100%CPU (0avgtext+0avgdata 24900maxresident)k
0inputs+14936outputs (0major+674minor)pagefaults 0swaps
+ ls -ltr
total 16796
-rw-r--r-- 1 ubuntu ubuntu    1017 Nov 19 09:50 run.sh
-rw-rw-r-- 1 ubuntu ubuntu       0 Nov 19 09:50 run.out
-rw-rw-r-- 1 ubuntu ubuntu 1897793 Nov 19 09:50 UnicodeData.txt
-rw-rw-r-- 1 ubuntu ubuntu 7644668 Nov 19 09:50 base-characters.txt
-rw-rw-r-- 1 ubuntu ubuntu 7644668 Nov 19 09:50 unicode-14-chars-sorted-glibc-2.19-0ubuntu6.15.txt
+ file unicode-14-chars-sorted-glibc-2.19-0ubuntu6.15.txt
unicode-14-chars-sorted-glibc-2.19-0ubuntu6.15.txt: UTF-8 Unicode text
+ LC_COLLATE=en_US.UTF-8 sort
+ echo 1-1
+ echo 11
11
1-1

Script done on Fri 19 Nov 2021 09:50:40 AM UTC
