+ export LANG=en_US.UTF-8 LC_ALL=en_US.UTF-8
+ date
Sat 25 Mar 2023 11:12:58 PM UTC
+ dirname icu-unicode-sorting/run.sh
+ cd icu-unicode-sorting
+ pwd
/home/ubuntu/icu-unicode-sorting
+ which dpkg
/usr/bin/dpkg
+ dpkg -l libicu* postgresql*
Desired=Unknown/Install/Remove/Purge/Hold
| Status=Not/Inst/Conf-files/Unpacked/halF-conf/Half-inst/trig-aWait/Trig-pend
|/ Err?=(none)/Reinst-required (Status,Err: uppercase=bad)
||/ Name                      Version            Architecture Description
+++-=========================-==================-============-=========================================================
ii  libicu66:amd64            66.1-2ubuntu2      amd64        International Components for Unicode
un  libiculx63                <none>             <none>       (no description available)
ii  postgresql-15             15.2-1.pgdg20.04+1 amd64        The World's Most Advanced Open Source Relational Database
un  postgresql-15-jit-llvm    <none>             <none>       (no description available)
un  postgresql-9.1            <none>             <none>       (no description available)
un  postgresql-client         <none>             <none>       (no description available)
ii  postgresql-client-15      15.2-1.pgdg20.04+1 amd64        front-end programs for PostgreSQL 15
ii  postgresql-client-common  248.pgdg20.04+1    all          manager for multiple PostgreSQL client versions
ii  postgresql-common         248.pgdg20.04+1    all          PostgreSQL database-cluster manager
un  postgresql-contrib-15     <none>             <none>       (no description available)
un  postgresql-doc-15         <none>             <none>       (no description available)
un  postgresql-pgmp           <none>             <none>       (no description available)
un  postgresql-server-dev-all <none>             <none>       (no description available)
+ curl -s http://169.254.169.254/latest/meta-data/ami-id
+ SOURCE_AMI=ami-083654bd07b5da81d
+ cat /etc/issue
+ OS_VERS=Ubuntu 20.04.3 LTS \n \l
+ which dpkg
/usr/bin/dpkg
+ awk /^ii  libicu/{print$3}
+ dpkg -l libicu*
+ ICU_VERS=66.1-2ubuntu2
+ [ -f /etc/os-release ]
+ cat /etc/os-release
NAME="Ubuntu"
VERSION="20.04.3 LTS (Focal Fossa)"
ID=ubuntu
ID_LIKE=debian
PRETTY_NAME="Ubuntu 20.04.3 LTS"
VERSION_ID="20.04"
HOME_URL="https://www.ubuntu.com/"
SUPPORT_URL="https://help.ubuntu.com/"
BUG_REPORT_URL="https://bugs.launchpad.net/ubuntu/"
PRIVACY_POLICY_URL="https://www.ubuntu.com/legal/terms-and-policies/privacy-policy"
VERSION_CODENAME=focal
UBUNTU_CODENAME=focal
+ [ -f /etc/system-release ]
+ [ -f /etc/system-release-cpe ]
+ UNICODE_VERS=15
+ sudo su - postgres -c psql -v ON_ERROR_STOP=on
Timing is on.
NOTICE:  table "unicode_spec" does not exist, skipping
DROP TABLE
Time: 0.463 ms
CREATE TABLE
Time: 72.703 ms
COPY 34924
Time: 563.212 ms
NOTICE:  table "unicode_data" does not exist, skipping
DROP TABLE
Time: 0.251 ms
CREATE TABLE
Time: 4.459 ms
CREATE PROCEDURE
Time: 3.238 ms
DO
Time: 120832.263 ms (02:00.832)
SET
Time: 7.083 ms
COPY 26085514
Time: 66922.248 ms (01:06.922)
COPY 26085514
Time: 69371.719 ms (01:09.372)
COPY 26085514
Time: 67245.448 ms (01:07.245)
COPY 26085514
Time: 62421.172 ms (01:02.421)
COPY 26085514
Time: 63081.667 ms (01:03.082)
COPY 26085514
Time: 62516.992 ms (01:02.517)
COPY 26085514
Time: 63293.375 ms (01:03.293)
+ ls -ltr /tmp/unicode-15-chars-sorted-icu-66.1-2ubuntu2-de.txt /tmp/unicode-15-chars-sorted-icu-66.1-2ubuntu2-en.txt /tmp/unicode-15-chars-sorted-icu-66.1-2ubuntu2-es.txt /tmp/unicode-15-chars-sorted-icu-66.1-2ubuntu2-fr.txt /tmp/unicode-15-chars-sorted-icu-66.1-2ubuntu2-ja.txt /tmp/unicode-15-chars-sorted-icu-66.1-2ubuntu2-ru.txt /tmp/unicode-15-chars-sorted-icu-66.1-2ubuntu2-zh.txt
-rw-r--r-- 1 postgres postgres 249155525 Mar 25 23:16 /tmp/unicode-15-chars-sorted-icu-66.1-2ubuntu2-en.txt
-rw-r--r-- 1 postgres postgres 249155525 Mar 25 23:17 /tmp/unicode-15-chars-sorted-icu-66.1-2ubuntu2-zh.txt
-rw-r--r-- 1 postgres postgres 249155525 Mar 25 23:18 /tmp/unicode-15-chars-sorted-icu-66.1-2ubuntu2-ja.txt
-rw-r--r-- 1 postgres postgres 249155525 Mar 25 23:19 /tmp/unicode-15-chars-sorted-icu-66.1-2ubuntu2-fr.txt
-rw-r--r-- 1 postgres postgres 249155525 Mar 25 23:20 /tmp/unicode-15-chars-sorted-icu-66.1-2ubuntu2-ru.txt
-rw-r--r-- 1 postgres postgres 249155525 Mar 25 23:21 /tmp/unicode-15-chars-sorted-icu-66.1-2ubuntu2-de.txt
-rw-r--r-- 1 postgres postgres 249155525 Mar 25 23:22 /tmp/unicode-15-chars-sorted-icu-66.1-2ubuntu2-es.txt
+ wc /tmp/unicode-15-chars-sorted-icu-66.1-2ubuntu2-de.txt /tmp/unicode-15-chars-sorted-icu-66.1-2ubuntu2-en.txt /tmp/unicode-15-chars-sorted-icu-66.1-2ubuntu2-es.txt /tmp/unicode-15-chars-sorted-icu-66.1-2ubuntu2-fr.txt /tmp/unicode-15-chars-sorted-icu-66.1-2ubuntu2-ja.txt /tmp/unicode-15-chars-sorted-icu-66.1-2ubuntu2-ru.txt /tmp/unicode-15-chars-sorted-icu-66.1-2ubuntu2-zh.txt
  26085514   26180737  249155525 /tmp/unicode-15-chars-sorted-icu-66.1-2ubuntu2-de.txt
  26085514   26180737  249155525 /tmp/unicode-15-chars-sorted-icu-66.1-2ubuntu2-en.txt
  26085514   26180737  249155525 /tmp/unicode-15-chars-sorted-icu-66.1-2ubuntu2-es.txt
  26085514   26180737  249155525 /tmp/unicode-15-chars-sorted-icu-66.1-2ubuntu2-fr.txt
  26085514   26180737  249155525 /tmp/unicode-15-chars-sorted-icu-66.1-2ubuntu2-ja.txt
  26085514   26180737  249155525 /tmp/unicode-15-chars-sorted-icu-66.1-2ubuntu2-ru.txt
  26085514   26180737  249155525 /tmp/unicode-15-chars-sorted-icu-66.1-2ubuntu2-zh.txt
 182598598  183265159 1744088675 total
+ cp -v /tmp/unicode-15-chars-sorted-icu-66.1-2ubuntu2-de.txt /tmp/unicode-15-chars-sorted-icu-66.1-2ubuntu2-en.txt /tmp/unicode-15-chars-sorted-icu-66.1-2ubuntu2-es.txt /tmp/unicode-15-chars-sorted-icu-66.1-2ubuntu2-fr.txt /tmp/unicode-15-chars-sorted-icu-66.1-2ubuntu2-ja.txt /tmp/unicode-15-chars-sorted-icu-66.1-2ubuntu2-ru.txt /tmp/unicode-15-chars-sorted-icu-66.1-2ubuntu2-zh.txt /home/ubuntu/icu-unicode-sorting/
'/tmp/unicode-15-chars-sorted-icu-66.1-2ubuntu2-de.txt' -> '/home/ubuntu/icu-unicode-sorting/unicode-15-chars-sorted-icu-66.1-2ubuntu2-de.txt'
'/tmp/unicode-15-chars-sorted-icu-66.1-2ubuntu2-en.txt' -> '/home/ubuntu/icu-unicode-sorting/unicode-15-chars-sorted-icu-66.1-2ubuntu2-en.txt'
'/tmp/unicode-15-chars-sorted-icu-66.1-2ubuntu2-es.txt' -> '/home/ubuntu/icu-unicode-sorting/unicode-15-chars-sorted-icu-66.1-2ubuntu2-es.txt'
'/tmp/unicode-15-chars-sorted-icu-66.1-2ubuntu2-fr.txt' -> '/home/ubuntu/icu-unicode-sorting/unicode-15-chars-sorted-icu-66.1-2ubuntu2-fr.txt'
'/tmp/unicode-15-chars-sorted-icu-66.1-2ubuntu2-ja.txt' -> '/home/ubuntu/icu-unicode-sorting/unicode-15-chars-sorted-icu-66.1-2ubuntu2-ja.txt'
'/tmp/unicode-15-chars-sorted-icu-66.1-2ubuntu2-ru.txt' -> '/home/ubuntu/icu-unicode-sorting/unicode-15-chars-sorted-icu-66.1-2ubuntu2-ru.txt'
'/tmp/unicode-15-chars-sorted-icu-66.1-2ubuntu2-zh.txt' -> '/home/ubuntu/icu-unicode-sorting/unicode-15-chars-sorted-icu-66.1-2ubuntu2-zh.txt'
+ date
Sat 25 Mar 2023 11:23:30 PM UTC
