Script started on 2021-11-19 05:43:38+00:00 [<not executed on terminal>]
+ dirname glibc-unicode-sorting/run.sh
+ cd glibc-unicode-sorting
+ pwd
/home/ubuntu/glibc-unicode-sorting
+ dpkg -l libc6
WARNING: terminal is not fully functional
-  (press RETURN)Desired=Unknown/Install/Remove/Purge/Hold[m
| Status=Not/Inst/Conf-files/Unpacked/halF-conf/Half-inst/trig-aWait/Trig-pend[m
|/ Err?=(none)/Reinst-required (Status,Err: uppercase=bad)[m
||/ Name           Version       Architecture Description[m
+++-==============-=============-============-=================================[m
ii  libc6:amd64    2.33-0ubuntu5 amd64        GNU C Library: Shared libraries[m
+ curl -s http://169.254.169.254/latest/meta-data/ami-id
+ SOURCE_AMI=ami-02bd521ab3d72d1c6
+ cat /etc/issue
+ OS_VERS=Ubuntu 21.04 \n \l
+ UNICODE_VERS=14
+ awk /libc6/{print$3}
+ dpkg -l libc6
+ GLIBC_VERS=2.33-0ubuntu5
+ time curl -kO https://www.unicode.org/Public/14.0.0/ucd/UnicodeData.txt
  % Total    % Received % Xferd  Average Speed   Time    Time     Time  Current
                                 Dload  Upload   Total   Spent    Left  Speed
  0     0    0     0    0     0      0      0 --:--:-- --:--:-- --:--:--     0  9 1853k    9  176k    0     0   613k      0  0:00:03 --:--:--  0:00:03  613k100 1853k  100 1853k    0     0  4073k      0 --:--:-- --:--:-- --:--:-- 4064k
0.01user 0.00system 0:00.46elapsed 5%CPU (0avgtext+0avgdata 13584maxresident)k
0inputs+3712outputs (0major+909minor)pagefaults 0swaps
+ time perl -naF; -CO -e
  sub pr {print "0".chr($_[0]).chr($_[0]).chr($_[0]).chr($_[0])."0 ";printf("%08d\n",$_[0])}
  if(/<control>/){next}; # skip control characters
  if($F[2] eq "Cs"){next}; # skip surrogates
  if(/ First>/){$fi=hex("0x".$F[0]);next}; # generate blocks
  if(/ Last>/){$la=hex("0x".$F[0]);for($fi..$la){pr($_)};next};
  pr(hex("0x".$F[0])) # generate individual characters
 UnicodeData.txt
0.26user 0.00system 0:00.29elapsed 93%CPU (0avgtext+0avgdata 5800maxresident)k
1408inputs+14936outputs (12major+250minor)pagefaults 0swaps
+ locale
LANG=C.UTF-8
LANGUAGE=
LC_CTYPE="C.UTF-8"
LC_NUMERIC="C.UTF-8"
LC_TIME="C.UTF-8"
LC_COLLATE="C.UTF-8"
LC_MONETARY="C.UTF-8"
LC_MESSAGES="C.UTF-8"
LC_PAPER="C.UTF-8"
LC_NAME="C.UTF-8"
LC_ADDRESS="C.UTF-8"
LC_TELEPHONE="C.UTF-8"
LC_MEASUREMENT="C.UTF-8"
LC_IDENTIFICATION="C.UTF-8"
LC_ALL=
+ time sort base-characters.txt
1.89user 0.01system 0:01.91elapsed 99%CPU (0avgtext+0avgdata 23208maxresident)k
960inputs+14936outputs (7major+5282minor)pagefaults 0swaps
+ ls -ltr
total 16796
-rw-r--r-- 1 ubuntu ubuntu     909 Nov 19 05:43 run.sh
-rw-rw-r-- 1 ubuntu ubuntu       0 Nov 19 05:43 run.out
-rw-rw-r-- 1 ubuntu ubuntu 1897793 Nov 19 05:43 UnicodeData.txt
-rw-rw-r-- 1 ubuntu ubuntu 7644668 Nov 19 05:43 base-characters.txt
-rw-rw-r-- 1 ubuntu ubuntu 7644668 Nov 19 05:43 unicode-14-chars-sorted-glibc-2.33-0ubuntu5.txt
+ file unicode-14-chars-sorted-glibc-2.33-0ubuntu5.txt
unicode-14-chars-sorted-glibc-2.33-0ubuntu5.txt: UTF-8 Unicode text

Script done on 2021-11-19 05:43:43+00:00 [COMMAND_EXIT_CODE="0"]
