Script started on Fri 19 Nov 2021 09:49:42 AM UTC
+ export LANG=en_US.UTF-8 LC_ALL=en_US.UTF-8
+ dirname glibc-unicode-sorting/run.sh
+ cd glibc-unicode-sorting
+ pwd
/home/ubuntu/glibc-unicode-sorting
+ dpkg -l libc6 locales
Desired=Unknown/Install/Remove/Purge/Hold
| Status=Not/Inst/Conf-files/Unpacked/halF-conf/Half-inst/trig-aWait/Trig-pend
|/ Err?=(none)/Reinst-required (Status,Err: uppercase=bad)
||/ Name           Version      Architecture Description
+++-==============-============-============-=================================
ii  libc6:amd64    2.17-93ubunt amd64        Embedded GNU C Library: Shared li
ii  locales        2.13+git2012 all          common files for locale support
+ curl -s http://169.254.169.254/latest/meta-data/ami-id
+ SOURCE_AMI=ami-137e4f7a
+ cat /etc/issue
+ OS_VERS=Ubuntu 13.10 \n \l
+ UNICODE_VERS=14
+ awk /libc6/{print$3}
+ dpkg -l libc6
+ GLIBC_VERS=2.17-93ubuntu4
+ time curl -kO https://www.unicode.org/Public/14.0.0/ucd/UnicodeData.txt
  % Total    % Received % Xferd  Average Speed   Time    Time     Time  Current
                                 Dload  Upload   Total   Spent    Left  Speed
  0     0    0     0    0     0      0      0 --:--:-- --:--:-- --:--:--     0 12 1853k   12  224k    0     0   605k      0  0:00:03 --:--:--  0:00:03  605k100 1853k  100 1853k    0     0  2323k      0 --:--:-- --:--:-- --:--:-- 2322k
0.00user 0.00system 0:00.80elapsed 2%CPU (0avgtext+0avgdata 4740maxresident)k
0inputs+3712outputs (0major+1295minor)pagefaults 0swaps
+ time perl -naF; -CO -e
  sub pr {print "0".chr($_[0]).chr($_[0]).chr($_[0]).chr($_[0])."0 ";printf("%08d\n",$_[0])}
  if(/<control>/){next}; # skip control characters
  if($F[2] eq "Cs"){next}; # skip surrogates
  if(/ First>/){$fi=hex("0x".$F[0]);next}; # generate blocks
  if(/ Last>/){$la=hex("0x".$F[0]);for($fi..$la){pr($_)};next};
  pr(hex("0x".$F[0])) # generate individual characters
 UnicodeData.txt
0.41user 0.01system 0:00.42elapsed 100%CPU (0avgtext+0avgdata 2044maxresident)k
0inputs+14936outputs (0major+561minor)pagefaults 0swaps
+ locale
LANG=en_US.UTF-8
LANGUAGE=
LC_CTYPE="en_US.UTF-8"
LC_NUMERIC="en_US.UTF-8"
LC_TIME="en_US.UTF-8"
LC_COLLATE="en_US.UTF-8"
LC_MONETARY="en_US.UTF-8"
LC_MESSAGES="en_US.UTF-8"
LC_PAPER="en_US.UTF-8"
LC_NAME="en_US.UTF-8"
LC_ADDRESS="en_US.UTF-8"
LC_TELEPHONE="en_US.UTF-8"
LC_MEASUREMENT="en_US.UTF-8"
LC_IDENTIFICATION="en_US.UTF-8"
LC_ALL=en_US.UTF-8
+ time sort base-characters.txt
2.58user 0.01system 0:02.59elapsed 100%CPU (0avgtext+0avgdata 21648maxresident)k
0inputs+14936outputs (0major+5528minor)pagefaults 0swaps
+ ls -ltr
total 16796
-rw-r--r-- 1 ubuntu ubuntu    1017 Nov 19 09:49 run.sh
-rw-rw-r-- 1 ubuntu ubuntu       0 Nov 19 09:49 run.out
-rw-rw-r-- 1 ubuntu ubuntu 1897793 Nov 19 09:49 UnicodeData.txt
-rw-rw-r-- 1 ubuntu ubuntu 7644668 Nov 19 09:49 base-characters.txt
-rw-rw-r-- 1 ubuntu ubuntu 7644668 Nov 19 09:49 unicode-14-chars-sorted-glibc-2.17-93ubuntu4.txt
+ file unicode-14-chars-sorted-glibc-2.17-93ubuntu4.txt
unicode-14-chars-sorted-glibc-2.17-93ubuntu4.txt: UTF-8 Unicode text
+ LC_COLLATE=en_US.UTF-8 sort
+ echo 1-1
+ echo 11
11
1-1

Script done on Fri 19 Nov 2021 09:49:46 AM UTC
