+ export LANG=en_US.UTF-8 LC_ALL=en_US.UTF-8
+ date
Sat Mar 25 11:11:48 PM UTC 2023
+ dirname icu-unicode-sorting/run.sh
+ cd icu-unicode-sorting
+ pwd
/home/ubuntu/icu-unicode-sorting
+ which dpkg
/usr/bin/dpkg
+ dpkg -l libicu* postgresql*
Desired=Unknown/Install/Remove/Purge/Hold
| Status=Not/Inst/Conf-files/Unpacked/halF-conf/Half-inst/trig-aWait/Trig-pend
|/ Err?=(none)/Reinst-required (Status,Err: uppercase=bad)
||/ Name                      Version            Architecture Description
+++-=========================-==================-============-=========================================================
ii  libicu67:amd64            67.1-7ubuntu1      amd64        International Components for Unicode
un  libiculx63                <none>             <none>       (no description available)
ii  postgresql-14             14.4-1.pgdg21.10+1 amd64        The World's Most Advanced Open Source Relational Database
un  postgresql-14-jit-llvm    <none>             <none>       (no description available)
un  postgresql-9.1            <none>             <none>       (no description available)
un  postgresql-client         <none>             <none>       (no description available)
ii  postgresql-client-14      14.4-1.pgdg21.10+1 amd64        front-end programs for PostgreSQL 14
ii  postgresql-client-common  241.pgdg21.10+1    all          manager for multiple PostgreSQL client versions
ii  postgresql-common         241.pgdg21.10+1    all          PostgreSQL database-cluster manager
un  postgresql-contrib-14     <none>             <none>       (no description available)
un  postgresql-doc-14         <none>             <none>       (no description available)
un  postgresql-pgmp           <none>             <none>       (no description available)
un  postgresql-server-dev-all <none>             <none>       (no description available)
+ curl -s http://169.254.169.254/latest/meta-data/ami-id
+ SOURCE_AMI=ami-00482f016b2410dc8
+ cat /etc/issue
+ OS_VERS=Ubuntu 21.10 \n \l
+ which dpkg
/usr/bin/dpkg
+ awk /^ii  libicu/{print$3}
+ dpkg -l libicu*
+ ICU_VERS=67.1-7ubuntu1
+ [ -f /etc/os-release ]
+ cat /etc/os-release
PRETTY_NAME="Ubuntu 21.10"
NAME="Ubuntu"
VERSION_ID="21.10"
VERSION="21.10 (Impish Indri)"
VERSION_CODENAME=impish
ID=ubuntu
ID_LIKE=debian
HOME_URL="https://www.ubuntu.com/"
SUPPORT_URL="https://help.ubuntu.com/"
BUG_REPORT_URL="https://bugs.launchpad.net/ubuntu/"
PRIVACY_POLICY_URL="https://www.ubuntu.com/legal/terms-and-policies/privacy-policy"
UBUNTU_CODENAME=impish
+ [ -f /etc/system-release ]
+ [ -f /etc/system-release-cpe ]
+ UNICODE_VERS=15
+ sudo su - postgres -c psql -v ON_ERROR_STOP=on
Timing is on.
NOTICE:  table "unicode_spec" does not exist, skipping
DROP TABLE
Time: 0.429 ms
CREATE TABLE
Time: 8.377 ms
COPY 34924
Time: 649.555 ms
NOTICE:  table "unicode_data" does not exist, skipping
DROP TABLE
Time: 0.229 ms
CREATE TABLE
Time: 4.945 ms
CREATE PROCEDURE
Time: 3.313 ms
DO
Time: 112958.770 ms (01:52.959)
SET
Time: 0.117 ms
COPY 26085514
Time: 82890.519 ms (01:22.891)
COPY 26085514
Time: 69595.007 ms (01:09.595)
COPY 26085514
Time: 67815.235 ms (01:07.815)
COPY 26085514
Time: 67481.398 ms (01:07.481)
COPY 26085514
Time: 66858.792 ms (01:06.859)
COPY 26085514
Time: 66997.992 ms (01:06.998)
COPY 26085514
Time: 68095.151 ms (01:08.095)
+ ls -ltr /tmp/unicode-15-chars-sorted-icu-67.1-7ubuntu1-de.txt /tmp/unicode-15-chars-sorted-icu-67.1-7ubuntu1-en.txt /tmp/unicode-15-chars-sorted-icu-67.1-7ubuntu1-es.txt /tmp/unicode-15-chars-sorted-icu-67.1-7ubuntu1-fr.txt /tmp/unicode-15-chars-sorted-icu-67.1-7ubuntu1-ja.txt /tmp/unicode-15-chars-sorted-icu-67.1-7ubuntu1-ru.txt /tmp/unicode-15-chars-sorted-icu-67.1-7ubuntu1-zh.txt
-rw-r--r-- 1 postgres postgres 249155525 Mar 25 23:15 /tmp/unicode-15-chars-sorted-icu-67.1-7ubuntu1-en.txt
-rw-r--r-- 1 postgres postgres 249155525 Mar 25 23:16 /tmp/unicode-15-chars-sorted-icu-67.1-7ubuntu1-zh.txt
-rw-r--r-- 1 postgres postgres 249155525 Mar 25 23:17 /tmp/unicode-15-chars-sorted-icu-67.1-7ubuntu1-ja.txt
-rw-r--r-- 1 postgres postgres 249155525 Mar 25 23:18 /tmp/unicode-15-chars-sorted-icu-67.1-7ubuntu1-fr.txt
-rw-r--r-- 1 postgres postgres 249155525 Mar 25 23:19 /tmp/unicode-15-chars-sorted-icu-67.1-7ubuntu1-ru.txt
-rw-r--r-- 1 postgres postgres 249155525 Mar 25 23:20 /tmp/unicode-15-chars-sorted-icu-67.1-7ubuntu1-de.txt
-rw-r--r-- 1 postgres postgres 249155525 Mar 25 23:21 /tmp/unicode-15-chars-sorted-icu-67.1-7ubuntu1-es.txt
+ wc /tmp/unicode-15-chars-sorted-icu-67.1-7ubuntu1-de.txt /tmp/unicode-15-chars-sorted-icu-67.1-7ubuntu1-en.txt /tmp/unicode-15-chars-sorted-icu-67.1-7ubuntu1-es.txt /tmp/unicode-15-chars-sorted-icu-67.1-7ubuntu1-fr.txt /tmp/unicode-15-chars-sorted-icu-67.1-7ubuntu1-ja.txt /tmp/unicode-15-chars-sorted-icu-67.1-7ubuntu1-ru.txt /tmp/unicode-15-chars-sorted-icu-67.1-7ubuntu1-zh.txt
  26085514   26281539  249155525 /tmp/unicode-15-chars-sorted-icu-67.1-7ubuntu1-de.txt
  26085514   26281539  249155525 /tmp/unicode-15-chars-sorted-icu-67.1-7ubuntu1-en.txt
  26085514   26281539  249155525 /tmp/unicode-15-chars-sorted-icu-67.1-7ubuntu1-es.txt
  26085514   26281539  249155525 /tmp/unicode-15-chars-sorted-icu-67.1-7ubuntu1-fr.txt
  26085514   26281539  249155525 /tmp/unicode-15-chars-sorted-icu-67.1-7ubuntu1-ja.txt
  26085514   26281539  249155525 /tmp/unicode-15-chars-sorted-icu-67.1-7ubuntu1-ru.txt
  26085514   26281539  249155525 /tmp/unicode-15-chars-sorted-icu-67.1-7ubuntu1-zh.txt
 182598598  183970773 1744088675 total
+ cp -v /tmp/unicode-15-chars-sorted-icu-67.1-7ubuntu1-de.txt /tmp/unicode-15-chars-sorted-icu-67.1-7ubuntu1-en.txt /tmp/unicode-15-chars-sorted-icu-67.1-7ubuntu1-es.txt /tmp/unicode-15-chars-sorted-icu-67.1-7ubuntu1-fr.txt /tmp/unicode-15-chars-sorted-icu-67.1-7ubuntu1-ja.txt /tmp/unicode-15-chars-sorted-icu-67.1-7ubuntu1-ru.txt /tmp/unicode-15-chars-sorted-icu-67.1-7ubuntu1-zh.txt /home/ubuntu/icu-unicode-sorting/
'/tmp/unicode-15-chars-sorted-icu-67.1-7ubuntu1-de.txt' -> '/home/ubuntu/icu-unicode-sorting/unicode-15-chars-sorted-icu-67.1-7ubuntu1-de.txt'
'/tmp/unicode-15-chars-sorted-icu-67.1-7ubuntu1-en.txt' -> '/home/ubuntu/icu-unicode-sorting/unicode-15-chars-sorted-icu-67.1-7ubuntu1-en.txt'
'/tmp/unicode-15-chars-sorted-icu-67.1-7ubuntu1-es.txt' -> '/home/ubuntu/icu-unicode-sorting/unicode-15-chars-sorted-icu-67.1-7ubuntu1-es.txt'
'/tmp/unicode-15-chars-sorted-icu-67.1-7ubuntu1-fr.txt' -> '/home/ubuntu/icu-unicode-sorting/unicode-15-chars-sorted-icu-67.1-7ubuntu1-fr.txt'
'/tmp/unicode-15-chars-sorted-icu-67.1-7ubuntu1-ja.txt' -> '/home/ubuntu/icu-unicode-sorting/unicode-15-chars-sorted-icu-67.1-7ubuntu1-ja.txt'
'/tmp/unicode-15-chars-sorted-icu-67.1-7ubuntu1-ru.txt' -> '/home/ubuntu/icu-unicode-sorting/unicode-15-chars-sorted-icu-67.1-7ubuntu1-ru.txt'
'/tmp/unicode-15-chars-sorted-icu-67.1-7ubuntu1-zh.txt' -> '/home/ubuntu/icu-unicode-sorting/unicode-15-chars-sorted-icu-67.1-7ubuntu1-zh.txt'
+ date
Sat Mar 25 11:22:46 PM UTC 2023
