Script started on 2021-11-24 21:33:30+00:00 [<not executed on terminal>]
+ export LANG=en_US.UTF-8 LC_ALL=en_US.UTF-8
+ date
Wed 24 Nov 2021 09:33:30 PM UTC
+ dirname glibc-unicode-sorting/run.sh
+ cd glibc-unicode-sorting
+ pwd
/home/ubuntu/glibc-unicode-sorting
+ dpkg -l libc6 locales
WARNING: terminal is not fully functional
-  (press RETURN)Desired=Unknown/Install/Remove/Purge/Hold[m
| Status=Not/Inst/Conf-files/Unpacked/halF-conf/Half-inst/trig-aWait/Trig-pend[m
|/ Err?=(none)/Reinst-required (Status,Err: uppercase=bad)[m
||/ Name           Version         Architecture Description[m
+++-==============-===============-============-===============================[m>
ii  libc6:amd64    2.31-0ubuntu9.2 amd64        GNU C Library: Shared libraries[m
ii  locales        2.31-0ubuntu9.2 all          GNU C Library: National Languag[m>
lines 1-7/7 (END)+ curl -s http://169.254.169.254/latest/meta-data/ami-id
+ SOURCE_AMI=ami-083654bd07b5da81d
+ cat /etc/issue
+ OS_VERS=Ubuntu 20.04.3 LTS \n \l
+ UNICODE_VERS=14
+ awk /libc6/{print$3}
+ dpkg -l libc6
+ GLIBC_VERS=2.31-0ubuntu9.2
+ time curl -kO https://www.unicode.org/Public/14.0.0/ucd/UnicodeData.txt
  % Total    % Received % Xferd  Average Speed   Time    Time     Time  Current
                                 Dload  Upload   Total   Spent    Left  Speed
  0     0    0     0    0     0      0      0 --:--:-- --:--:-- --:--:--     0  2 1853k    2 49152    0     0   253k      0  0:00:07 --:--:--  0:00:07  252k100 1853k  100 1853k    0     0  3985k      0 --:--:-- --:--:-- --:--:-- 3977k
0.01user 0.01system 0:00.47elapsed 6%CPU (0avgtext+0avgdata 13692maxresident)k
0inputs+3712outputs (0major+888minor)pagefaults 0swaps
+ split -l500000 - _base-characters
+ time perl -naF; -CO -e
  sub pr3 {printf("%s        %08d\n",$_[1],$_[0])}
  sub pr2 {pr3($_[0],"B".$_[1]."B");pr3($_[0],"D".$_[1]."D");pr3($_[0],$_[1]);pr3($_[0],$_[1]."B");pr3($_[0],$_[1]."BB");pr3($_[0],$_[1]."D");pr3($_[0],$_[1]."DD")}
  sub pr {pr2($_[0],$_[1].chr($_[0]));pr2($_[0],$_[1].chr($_[0]).chr($_[0]))}
  if(/<control>/){next}; # skip control characters
  if($F[2] eq "Cs"){next}; # skip surrogates
  if(/ First>/){$fi=hex("0x".$F[0]);next}; # generate blocks
  if(/ Last>/){$la=hex("0x".$F[0]);for($fi..$la){pr($_)};next};
  pr(hex("0x".$F[0])) # generate individual characters
 UnicodeData.txt
3.72user 0.03system 0:04.13elapsed 90%CPU (0avgtext+0avgdata 5808maxresident)k
3656inputs+0outputs (26major+291minor)pagefaults 0swaps
+ wc _base-charactersaa _base-charactersab _base-charactersac _base-charactersad _base-charactersae _base-charactersaf _base-charactersag _base-charactersah
  500000   999770 11421838 _base-charactersaa
  500000   998820 11662974 _base-charactersab
  500000   997802 12214293 _base-charactersac
  500000   999974 12214287 _base-charactersad
  500000   990122 12214276 _base-charactersae
  500000  1000000 12214290 _base-charactersaf
  500000  1000000 12214294 _base-charactersag
  450310   900620 11000430 _base-charactersah
 3950310  7887108 95156682 total
+ locale
LANG=en_US.UTF-8
LANGUAGE=
LC_CTYPE="en_US.UTF-8"
LC_NUMERIC="en_US.UTF-8"
LC_TIME="en_US.UTF-8"
LC_COLLATE="en_US.UTF-8"
LC_MONETARY="en_US.UTF-8"
LC_MESSAGES="en_US.UTF-8"
LC_PAPER="en_US.UTF-8"
LC_NAME="en_US.UTF-8"
LC_ADDRESS="en_US.UTF-8"
LC_TELEPHONE="en_US.UTF-8"
LC_MEASUREMENT="en_US.UTF-8"
LC_IDENTIFICATION="en_US.UTF-8"
LC_ALL=en_US.UTF-8
+ date
Wed 24 Nov 2021 09:33:38 PM UTC
+ ls -1 _base-charactersaa _base-charactersab _base-charactersac _base-charactersad _base-charactersae _base-charactersaf _base-charactersag _base-charactersah
+ jobs
[8] + Running                    
[7] - Running                    
[6]   Running                    
[5]   Running                    
[4]   Running                    
[3]   Running                    
[2]   Running                    
[1]   Running                    
+ wait
+ + sortsort _base-charactersah -o _base-charactersag _s_base-charactersah -o
 _s_base-charactersag
+ sort _base-charactersaf -o _s_base-charactersaf
+ sort _base-charactersae -o _s_base-charactersae
+ sort _base-charactersad -o _s_base-charactersad
+ sort _base-charactersac -o _s_base-charactersac
+ sort _base-charactersab -o _s_base-charactersab
+ sort _base-charactersaa -o _s_base-charactersaa
+ date
Wed 24 Nov 2021 09:36:32 PM UTC
+ time sort -m _s_base-charactersaa _s_base-charactersab _s_base-charactersac _s_base-charactersad _s_base-charactersae _s_base-charactersaf _s_base-charactersag _s_base-charactersah -o unicode-14-chars-sorted-glibc-2.31-0ubuntu9.2.txt
9.83user 0.09system 0:10.07elapsed 98%CPU (0avgtext+0avgdata 4704maxresident)k
8inputs+185856outputs (1major+626minor)pagefaults 0swaps
+ rm -v _base-charactersaa _base-charactersab _base-charactersac _base-charactersad _base-charactersae _base-charactersaf _base-charactersag _base-charactersah _s_base-charactersaa _s_base-charactersab _s_base-charactersac _s_base-charactersad _s_base-charactersae _s_base-charactersaf _s_base-charactersag _s_base-charactersah UnicodeData.txt
removed '_base-charactersaa'
removed '_base-charactersab'
removed '_base-charactersac'
removed '_base-charactersad'
removed '_base-charactersae'
removed '_base-charactersaf'
removed '_base-charactersag'
removed '_base-charactersah'
removed '_s_base-charactersaa'
removed '_s_base-charactersab'
removed '_s_base-charactersac'
removed '_s_base-charactersad'
removed '_s_base-charactersae'
removed '_s_base-charactersaf'
removed '_s_base-charactersag'
removed '_s_base-charactersah'
removed 'UnicodeData.txt'
+ ls -ltr
total 92936
-rw-r--r-- 1 ubuntu ubuntu     1421 Nov 24 21:33 run.sh
-rw-rw-r-- 1 ubuntu ubuntu     4096 Nov 24 21:33 run.out
-rw-rw-r-- 1 ubuntu ubuntu 95156682 Nov 24 21:36 unicode-14-chars-sorted-glibc-2.31-0ubuntu9.2.txt
+ wc unicode-14-chars-sorted-glibc-2.31-0ubuntu9.2.txt
 3950310  7887108 95156682 unicode-14-chars-sorted-glibc-2.31-0ubuntu9.2.txt
+ LC_COLLATE=en_US.UTF-8 sort
+ echo 1-1
+ echo 11
1-1
11
+ date
Wed 24 Nov 2021 09:36:42 PM UTC

Script done on 2021-11-24 21:36:42+00:00 [COMMAND_EXIT_CODE="0"]
