Script started on Fri 19 Nov 2021 09:42:51 AM UTC
+ export LANG=en_US.UTF-8 LC_ALL=en_US.UTF-8
+ dirname glibc-unicode-sorting/run.sh
+ cd glibc-unicode-sorting
+ pwd
/home/ubuntu/glibc-unicode-sorting
+ dpkg -l libc6 locales
Desired=Unknown/Install/Remove/Purge/Hold
| Status=Not/Inst/Conf-files/Unpacked/halF-conf/Half-inst/trig-aWait/Trig-pend
|/ Err?=(none)/Reinst-required (Status,Err: uppercase=bad)
||/ Name           Version        Description
+++-==============-==============-============================================
ii  libc6          2.12.1-0ubuntu Embedded GNU C Library: Shared libraries
ii  locales        2.13+git201008 common files for locale support
+ curl -s http://169.254.169.254/latest/meta-data/ami-id
+ SOURCE_AMI=ami-c412cead
+ cat /etc/issue
+ OS_VERS=Ubuntu 10.10 \n \l
+ UNICODE_VERS=14
+ dpkg -l libc6
+ awk /libc6/{print$3}
+ GLIBC_VERS=2.12.1-0ubuntu10.4
+ time curl -kO https://www.unicode.org/Public/14.0.0/ucd/UnicodeData.txt
  % Total    % Received % Xferd  Average Speed   Time    Time     Time  Current
                                 Dload  Upload   Total   Spent    Left  Speed
  0     0    0     0    0     0      0      0 --:--:-- --:--:-- --:--:--     0 42 1853k   42  784k    0     0  1709k      0  0:00:01 --:--:--  0:00:01 1945k100 1853k  100 1853k    0     0  3064k      0 --:--:-- --:--:-- --:--:-- 3369k
0.04user 0.03system 0:00.61elapsed 11%CPU (0avgtext+0avgdata 14640maxresident)k
0inputs+3712outputs (0major+998minor)pagefaults 0swaps
+ time perl -naF; -CO -e
  sub pr {print "0".chr($_[0]).chr($_[0]).chr($_[0]).chr($_[0])."0 ";printf("%08d\n",$_[0])}
  if(/<control>/){next}; # skip control characters
  if($F[2] eq "Cs"){next}; # skip surrogates
  if(/ First>/){$fi=hex("0x".$F[0]);next}; # generate blocks
  if(/ Last>/){$la=hex("0x".$F[0]);for($fi..$la){pr($_)};next};
  pr(hex("0x".$F[0])) # generate individual characters
 UnicodeData.txt
0.56user 0.04system 0:00.60elapsed 100%CPU (0avgtext+0avgdata 7840maxresident)k
0inputs+14936outputs (0major+534minor)pagefaults 0swaps
+ locale
LANG=en_US.UTF-8
LANGUAGE=
LC_CTYPE="en_US.UTF-8"
LC_NUMERIC="en_US.UTF-8"
LC_TIME="en_US.UTF-8"
LC_COLLATE="en_US.UTF-8"
LC_MONETARY="en_US.UTF-8"
LC_MESSAGES="en_US.UTF-8"
LC_PAPER="en_US.UTF-8"
LC_NAME="en_US.UTF-8"
LC_ADDRESS="en_US.UTF-8"
LC_TELEPHONE="en_US.UTF-8"
LC_MEASUREMENT="en_US.UTF-8"
LC_IDENTIFICATION="en_US.UTF-8"
LC_ALL=en_US.UTF-8
+ time sort base-characters.txt
2.36user 0.06system 0:02.42elapsed 99%CPU (0avgtext+0avgdata 87328maxresident)k
0inputs+14936outputs (0major+5505minor)pagefaults 0swaps
+ ls -ltr
total 16796
-rw-r--r-- 1 ubuntu ubuntu    1017 2021-11-19 09:42 run.sh
-rw-r--r-- 1 ubuntu ubuntu       0 2021-11-19 09:42 run.out
-rw-r--r-- 1 ubuntu ubuntu 1897793 2021-11-19 09:42 UnicodeData.txt
-rw-r--r-- 1 ubuntu ubuntu 7644668 2021-11-19 09:42 base-characters.txt
-rw-r--r-- 1 ubuntu ubuntu 7644668 2021-11-19 09:42 unicode-14-chars-sorted-glibc-2.12.1-0ubuntu10.4.txt
+ file unicode-14-chars-sorted-glibc-2.12.1-0ubuntu10.4.txt
unicode-14-chars-sorted-glibc-2.12.1-0ubuntu10.4.txt: UTF-8 Unicode text
+ LC_COLLATE=en_US.UTF-8 sort
+ echo 1-1
+ echo 11
11
1-1

Script done on Fri 19 Nov 2021 09:42:55 AM UTC
