Script started on Fri 19 Nov 2021 04:41:57 AM UTC
+ dirname glibc-unicode-sorting/run.sh
+ cd glibc-unicode-sorting
+ pwd
/home/ubuntu/glibc-unicode-sorting
+ dpkg -l libc6
Desired=Unknown/Install/Remove/Purge/Hold
| Status=Not/Inst/Cfg-files/Unpacked/Failed-cfg/Half-inst/trig-aWait/Trig-pend
|/ Err?=(none)/Reinst-required (Status,Err: uppercase=bad)
||/ Name           Version        Description
+++-==============-==============-============================================
ii  libc6          2.11.1-0ubuntu Embedded GNU C Library: Shared libraries
+ curl -s http://169.254.169.254/latest/meta-data/ami-id
+ SOURCE_AMI=ami-0baf7662
+ cat /etc/issue
+ OS_VERS=Ubuntu 10.04.4 LTS \n \l
+ UNICODE_VERS=14
+ dpkg -l libc6
+ awk /libc6/{print$3}
+ GLIBC_VERS=2.11.1-0ubuntu7.10
+ time curl -kO https://www.unicode.org/Public/14.0.0/ucd/UnicodeData.txt
  % Total    % Received % Xferd  Average Speed   Time    Time     Time  Current
                                 Dload  Upload   Total   Spent    Left  Speed
  0     0    0     0    0     0      0      0 --:--:-- --:--:-- --:--:--     0100 1853k  100 1853k    0     0  3091k      0 --:--:-- --:--:-- --:--:-- 4250k
0.02user 0.00system 0:00.60elapsed 3%CPU (0avgtext+0avgdata 14832maxresident)k
96inputs+3712outputs (0major+1009minor)pagefaults 0swaps
+ time perl -naF; -CO -e
  sub pr {print "0".chr($_[0]).chr($_[0]).chr($_[0]).chr($_[0])."0 ";printf("%08d\n",$_[0])}
  if(/<control>/){next}; # skip control characters
  if($F[2] eq "Cs"){next}; # skip surrogates
  if(/ First>/){$fi=hex("0x".$F[0]);next}; # generate blocks
  if(/ Last>/){$la=hex("0x".$F[0]);for($fi..$la){pr($_)};next};
  pr(hex("0x".$F[0])) # generate individual characters
 UnicodeData.txt
0.54user 0.02system 0:00.55elapsed 100%CPU (0avgtext+0avgdata 8208maxresident)k
0inputs+14936outputs (0major+556minor)pagefaults 0swaps
+ locale
LANG=en_US.UTF-8
LANGUAGE=
LC_CTYPE="en_US.UTF-8"
LC_NUMERIC="en_US.UTF-8"
LC_TIME="en_US.UTF-8"
LC_COLLATE="en_US.UTF-8"
LC_MONETARY="en_US.UTF-8"
LC_MESSAGES="en_US.UTF-8"
LC_PAPER="en_US.UTF-8"
LC_NAME="en_US.UTF-8"
LC_ADDRESS="en_US.UTF-8"
LC_TELEPHONE="en_US.UTF-8"
LC_MEASUREMENT="en_US.UTF-8"
LC_IDENTIFICATION="en_US.UTF-8"
LC_ALL=
+ time sort base-characters.txt
2.33user 0.07system 0:02.38elapsed 100%CPU (0avgtext+0avgdata 87680maxresident)k
0inputs+14936outputs (0major+5525minor)pagefaults 0swaps
+ ls -ltr
total 16824
-rw-r--r-- 1 ubuntu ubuntu     909 2021-11-19 04:41 run.sh
-rw-r--r-- 1 ubuntu ubuntu 1897793 2021-11-19 04:41 UnicodeData.txt
-rw-r--r-- 1 ubuntu ubuntu       0 2021-11-19 04:41 run.out
-rw-r--r-- 1 ubuntu ubuntu 7644668 2021-11-19 04:41 base-characters.txt
-rw-r--r-- 1 ubuntu ubuntu 7644668 2021-11-19 04:42 unicode-14-chars-sorted-glibc-2.11.1-0ubuntu7.10.txt
+ file unicode-14-chars-sorted-glibc-2.11.1-0ubuntu7.10.txt
unicode-14-chars-sorted-glibc-2.11.1-0ubuntu7.10.txt: UTF-8 Unicode text

Script done on Fri 19 Nov 2021 04:42:00 AM UTC
