Script started on 2021-11-19 10:03:06+00:00 [<not executed on terminal>]
+ export LANG=en_US.UTF-8 LC_ALL=en_US.UTF-8
+ dirname glibc-unicode-sorting/run.sh
+ cd glibc-unicode-sorting
+ pwd
/home/ubuntu/glibc-unicode-sorting
+ dpkg -l libc6 locales
WARNING: terminal is not fully functional
-  (press RETURN)Desired=Unknown/Install/Remove/Purge/Hold[m
| Status=Not/Inst/Conf-files/Unpacked/halF-conf/Half-inst/trig-aWait/Trig-pend[m
|/ Err?=(none)/Reinst-required (Status,Err: uppercase=bad)[m
||/ Name           Version         Architecture Description[m
+++-==============-===============-============-===============================[m>
ii  libc6:amd64    2.31-0ubuntu9.2 amd64        GNU C Library: Shared libraries[m
ii  locales        2.31-0ubuntu9.2 all          GNU C Library: National Languag[m>
lines 1-7/7 (END)+ curl -s http://169.254.169.254/latest/meta-data/ami-id
+ SOURCE_AMI=ami-083654bd07b5da81d
+ cat /etc/issue
+ OS_VERS=Ubuntu 20.04.3 LTS \n \l
+ UNICODE_VERS=14
+ awk /libc6/{print$3}
+ dpkg -l libc6
+ GLIBC_VERS=2.31-0ubuntu9.2
+ time curl -kO https://www.unicode.org/Public/14.0.0/ucd/UnicodeData.txt
  % Total    % Received % Xferd  Average Speed   Time    Time     Time  Current
                                 Dload  Upload   Total   Spent    Left  Speed
  0     0    0     0    0     0      0      0 --:--:-- --:--:-- --:--:--     0  0     0    0     0    0     0      0      0 --:--:-- --:--:-- --:--:--     0100 1853k  100 1853k    0     0  3655k      0 --:--:-- --:--:-- --:--:-- 3648k
0.01user 0.01system 0:00.51elapsed 5%CPU (0avgtext+0avgdata 13572maxresident)k
416inputs+3712outputs (1major+890minor)pagefaults 0swaps
+ time perl -naF; -CO -e
  sub pr {print "0".chr($_[0]).chr($_[0]).chr($_[0]).chr($_[0])."0 ";printf("%08d\n",$_[0])}
  if(/<control>/){next}; # skip control characters
  if($F[2] eq "Cs"){next}; # skip surrogates
  if(/ First>/){$fi=hex("0x".$F[0]);next}; # generate blocks
  if(/ Last>/){$la=hex("0x".$F[0]);for($fi..$la){pr($_)};next};
  pr(hex("0x".$F[0])) # generate individual characters
 UnicodeData.txt
0.27user 0.00system 0:00.31elapsed 89%CPU (0avgtext+0avgdata 5544maxresident)k
256inputs+14936outputs (1major+244minor)pagefaults 0swaps
+ locale
LANG=en_US.UTF-8
LANGUAGE=
LC_CTYPE="en_US.UTF-8"
LC_NUMERIC="en_US.UTF-8"
LC_TIME="en_US.UTF-8"
LC_COLLATE="en_US.UTF-8"
LC_MONETARY="en_US.UTF-8"
LC_MESSAGES="en_US.UTF-8"
LC_PAPER="en_US.UTF-8"
LC_NAME="en_US.UTF-8"
LC_ADDRESS="en_US.UTF-8"
LC_TELEPHONE="en_US.UTF-8"
LC_MEASUREMENT="en_US.UTF-8"
LC_IDENTIFICATION="en_US.UTF-8"
LC_ALL=en_US.UTF-8
+ time sort base-characters.txt
13.96user 0.02system 0:14.01elapsed 99%CPU (0avgtext+0avgdata 23380maxresident)k
1136inputs+14936outputs (9major+5276minor)pagefaults 0swaps
+ ls -ltr
total 16796
-rw-r--r-- 1 ubuntu ubuntu    1017 Nov 19 10:03 run.sh
-rw-rw-r-- 1 ubuntu ubuntu       0 Nov 19 10:03 run.out
-rw-rw-r-- 1 ubuntu ubuntu 1897793 Nov 19 10:03 UnicodeData.txt
-rw-rw-r-- 1 ubuntu ubuntu 7644668 Nov 19 10:03 base-characters.txt
-rw-rw-r-- 1 ubuntu ubuntu 7644668 Nov 19 10:03 unicode-14-chars-sorted-glibc-2.31-0ubuntu9.2.txt
+ file unicode-14-chars-sorted-glibc-2.31-0ubuntu9.2.txt
unicode-14-chars-sorted-glibc-2.31-0ubuntu9.2.txt: UTF-8 Unicode text
+ LC_COLLATE=en_US.UTF-8 sort
+ echo 1-1
+ echo 11
1-1
11

Script done on 2021-11-19 10:03:23+00:00 [COMMAND_EXIT_CODE="0"]
