+ export LANG=en_US.UTF-8 LC_ALL=en_US.UTF-8
+ date
Sat Mar 25 11:42:14 PM UTC 2023
+ dirname icu-unicode-sorting/run.sh
+ cd icu-unicode-sorting
+ pwd
/home/ubuntu/icu-unicode-sorting
+ which dpkg
/usr/bin/dpkg
+ dpkg -l libicu* postgresql*
Desired=Unknown/Install/Remove/Purge/Hold
| Status=Not/Inst/Conf-files/Unpacked/halF-conf/Half-inst/trig-aWait/Trig-pend
|/ Err?=(none)/Reinst-required (Status,Err: uppercase=bad)
||/ Name                      Version            Architecture Description
+++-=========================-==================-============-=========================================================
ii  libicu71:amd64            71.1-3ubuntu1      amd64        International Components for Unicode
un  libiculx63                <none>             <none>       (no description available)
ii  postgresql-15             15.2-1.pgdg22.10+1 amd64        The World's Most Advanced Open Source Relational Database
un  postgresql-15-jit-llvm    <none>             <none>       (no description available)
un  postgresql-9.1            <none>             <none>       (no description available)
un  postgresql-client         <none>             <none>       (no description available)
ii  postgresql-client-15      15.2-1.pgdg22.10+1 amd64        front-end programs for PostgreSQL 15
ii  postgresql-client-common  242ubuntu1         all          manager for multiple PostgreSQL client versions
ii  postgresql-common         242ubuntu1         all          PostgreSQL database-cluster manager
un  postgresql-contrib-15     <none>             <none>       (no description available)
un  postgresql-doc-15         <none>             <none>       (no description available)
un  postgresql-pgmp           <none>             <none>       (no description available)
un  postgresql-server-dev-all <none>             <none>       (no description available)
+ curl -s http://169.254.169.254/latest/meta-data/ami-id
+ SOURCE_AMI=ami-0c5c6216add00bd00
+ cat /etc/issue
+ OS_VERS=Ubuntu 22.10 \n \l
+ which dpkg
/usr/bin/dpkg
+ awk /^ii  libicu/{print$3}
+ dpkg -l libicu*
+ ICU_VERS=71.1-3ubuntu1
+ [ -f /etc/os-release ]
+ cat /etc/os-release
PRETTY_NAME="Ubuntu 22.10"
NAME="Ubuntu"
VERSION_ID="22.10"
VERSION="22.10 (Kinetic Kudu)"
VERSION_CODENAME=kinetic
ID=ubuntu
ID_LIKE=debian
HOME_URL="https://www.ubuntu.com/"
SUPPORT_URL="https://help.ubuntu.com/"
BUG_REPORT_URL="https://bugs.launchpad.net/ubuntu/"
PRIVACY_POLICY_URL="https://www.ubuntu.com/legal/terms-and-policies/privacy-policy"
UBUNTU_CODENAME=kinetic
LOGO=ubuntu-logo
+ [ -f /etc/system-release ]
+ [ -f /etc/system-release-cpe ]
+ UNICODE_VERS=15
+ sudo su - postgres -c psql -v ON_ERROR_STOP=on
Timing is on.
NOTICE:  table "unicode_spec" does not exist, skipping
DROP TABLE
Time: 0.434 ms
CREATE TABLE
Time: 106.723 ms
COPY 34924
Time: 544.138 ms
NOTICE:  table "unicode_data" does not exist, skipping
DROP TABLE
Time: 0.212 ms
CREATE TABLE
Time: 6.612 ms
CREATE PROCEDURE
Time: 3.261 ms
DO
Time: 151351.533 ms (02:31.352)
SET
Time: 4.404 ms
COPY 26085514
Time: 79740.029 ms (01:19.740)
COPY 26085514
Time: 65311.176 ms (01:05.311)
COPY 26085514
Time: 63276.102 ms (01:03.276)
COPY 26085514
Time: 63070.735 ms (01:03.071)
COPY 26085514
Time: 63423.891 ms (01:03.424)
COPY 26085514
Time: 64433.459 ms (01:04.433)
COPY 26085514
Time: 67425.527 ms (01:07.426)
+ ls -ltr /tmp/unicode-15-chars-sorted-icu-71.1-3ubuntu1-de.txt /tmp/unicode-15-chars-sorted-icu-71.1-3ubuntu1-en.txt /tmp/unicode-15-chars-sorted-icu-71.1-3ubuntu1-es.txt /tmp/unicode-15-chars-sorted-icu-71.1-3ubuntu1-fr.txt /tmp/unicode-15-chars-sorted-icu-71.1-3ubuntu1-ja.txt /tmp/unicode-15-chars-sorted-icu-71.1-3ubuntu1-ru.txt /tmp/unicode-15-chars-sorted-icu-71.1-3ubuntu1-zh.txt
-rw-r--r-- 1 postgres postgres 249155525 Mar 25 23:46 /tmp/unicode-15-chars-sorted-icu-71.1-3ubuntu1-en.txt
-rw-r--r-- 1 postgres postgres 249155525 Mar 25 23:47 /tmp/unicode-15-chars-sorted-icu-71.1-3ubuntu1-zh.txt
-rw-r--r-- 1 postgres postgres 249155525 Mar 25 23:48 /tmp/unicode-15-chars-sorted-icu-71.1-3ubuntu1-ja.txt
-rw-r--r-- 1 postgres postgres 249155525 Mar 25 23:49 /tmp/unicode-15-chars-sorted-icu-71.1-3ubuntu1-fr.txt
-rw-r--r-- 1 postgres postgres 249155525 Mar 25 23:50 /tmp/unicode-15-chars-sorted-icu-71.1-3ubuntu1-ru.txt
-rw-r--r-- 1 postgres postgres 249155525 Mar 25 23:51 /tmp/unicode-15-chars-sorted-icu-71.1-3ubuntu1-de.txt
-rw-r--r-- 1 postgres postgres 249155525 Mar 25 23:52 /tmp/unicode-15-chars-sorted-icu-71.1-3ubuntu1-es.txt
+ wc /tmp/unicode-15-chars-sorted-icu-71.1-3ubuntu1-de.txt /tmp/unicode-15-chars-sorted-icu-71.1-3ubuntu1-en.txt /tmp/unicode-15-chars-sorted-icu-71.1-3ubuntu1-es.txt /tmp/unicode-15-chars-sorted-icu-71.1-3ubuntu1-fr.txt /tmp/unicode-15-chars-sorted-icu-71.1-3ubuntu1-ja.txt /tmp/unicode-15-chars-sorted-icu-71.1-3ubuntu1-ru.txt /tmp/unicode-15-chars-sorted-icu-71.1-3ubuntu1-zh.txt
  26085514   26295785  249155525 /tmp/unicode-15-chars-sorted-icu-71.1-3ubuntu1-de.txt
  26085514   26295785  249155525 /tmp/unicode-15-chars-sorted-icu-71.1-3ubuntu1-en.txt
  26085514   26295785  249155525 /tmp/unicode-15-chars-sorted-icu-71.1-3ubuntu1-es.txt
  26085514   26295785  249155525 /tmp/unicode-15-chars-sorted-icu-71.1-3ubuntu1-fr.txt
  26085514   26295785  249155525 /tmp/unicode-15-chars-sorted-icu-71.1-3ubuntu1-ja.txt
  26085514   26295785  249155525 /tmp/unicode-15-chars-sorted-icu-71.1-3ubuntu1-ru.txt
  26085514   26295785  249155525 /tmp/unicode-15-chars-sorted-icu-71.1-3ubuntu1-zh.txt
 182598598  184070495 1744088675 total
+ cp -v /tmp/unicode-15-chars-sorted-icu-71.1-3ubuntu1-de.txt /tmp/unicode-15-chars-sorted-icu-71.1-3ubuntu1-en.txt /tmp/unicode-15-chars-sorted-icu-71.1-3ubuntu1-es.txt /tmp/unicode-15-chars-sorted-icu-71.1-3ubuntu1-fr.txt /tmp/unicode-15-chars-sorted-icu-71.1-3ubuntu1-ja.txt /tmp/unicode-15-chars-sorted-icu-71.1-3ubuntu1-ru.txt /tmp/unicode-15-chars-sorted-icu-71.1-3ubuntu1-zh.txt /home/ubuntu/icu-unicode-sorting/
'/tmp/unicode-15-chars-sorted-icu-71.1-3ubuntu1-de.txt' -> '/home/ubuntu/icu-unicode-sorting/unicode-15-chars-sorted-icu-71.1-3ubuntu1-de.txt'
'/tmp/unicode-15-chars-sorted-icu-71.1-3ubuntu1-en.txt' -> '/home/ubuntu/icu-unicode-sorting/unicode-15-chars-sorted-icu-71.1-3ubuntu1-en.txt'
'/tmp/unicode-15-chars-sorted-icu-71.1-3ubuntu1-es.txt' -> '/home/ubuntu/icu-unicode-sorting/unicode-15-chars-sorted-icu-71.1-3ubuntu1-es.txt'
'/tmp/unicode-15-chars-sorted-icu-71.1-3ubuntu1-fr.txt' -> '/home/ubuntu/icu-unicode-sorting/unicode-15-chars-sorted-icu-71.1-3ubuntu1-fr.txt'
'/tmp/unicode-15-chars-sorted-icu-71.1-3ubuntu1-ja.txt' -> '/home/ubuntu/icu-unicode-sorting/unicode-15-chars-sorted-icu-71.1-3ubuntu1-ja.txt'
'/tmp/unicode-15-chars-sorted-icu-71.1-3ubuntu1-ru.txt' -> '/home/ubuntu/icu-unicode-sorting/unicode-15-chars-sorted-icu-71.1-3ubuntu1-ru.txt'
'/tmp/unicode-15-chars-sorted-icu-71.1-3ubuntu1-zh.txt' -> '/home/ubuntu/icu-unicode-sorting/unicode-15-chars-sorted-icu-71.1-3ubuntu1-zh.txt'
+ date
Sat Mar 25 11:53:35 PM UTC 2023
