Script started on Fri 19 Nov 2021 05:04:40 AM UTC
+ dirname glibc-unicode-sorting/run.sh
+ cd glibc-unicode-sorting
+ pwd
/home/ubuntu/glibc-unicode-sorting
+ dpkg -l libc6
Desired=Unknown/Install/Remove/Purge/Hold
| Status=Not/Inst/Conf-files/Unpacked/halF-conf/Half-inst/trig-aWait/Trig-pend
|/ Err?=(none)/Reinst-required (Status,Err: uppercase=bad)
||/ Name           Version        Description
+++-==============-==============-============================================
ii  libc6          2.15-0ubuntu10 Embedded GNU C Library: Shared libraries
+ curl -s http://169.254.169.254/latest/meta-data/ami-id
+ SOURCE_AMI=ami-024a2614
+ cat /etc/issue
+ OS_VERS=Ubuntu 12.04.5 LTS \n \l
+ UNICODE_VERS=14
+ awk /libc6/{print$3}
+ dpkg -l libc6
+ GLIBC_VERS=2.15-0ubuntu10.18
+ time curl -kO https://www.unicode.org/Public/14.0.0/ucd/UnicodeData.txt
  % Total    % Received % Xferd  Average Speed   Time    Time     Time  Current
                                 Dload  Upload   Total   Spent    Left  Speed
  0     0    0     0    0     0      0      0 --:--:-- --:--:-- --:--:--     0 44 1853k   44  816k    0     0  1567k      0  0:00:01 --:--:--  0:00:01 1754k100 1853k  100 1853k    0     0  2840k      0 --:--:-- --:--:-- --:--:-- 3104k
0.00user 0.00system 0:00.65elapsed 1%CPU (0avgtext+0avgdata 18992maxresident)k
8inputs+3712outputs (0major+1281minor)pagefaults 0swaps
+ time perl -naF; -CO -e
  sub pr {print "0".chr($_[0]).chr($_[0]).chr($_[0]).chr($_[0])."0 ";printf("%08d\n",$_[0])}
  if(/<control>/){next}; # skip control characters
  if($F[2] eq "Cs"){next}; # skip surrogates
  if(/ First>/){$fi=hex("0x".$F[0]);next}; # generate blocks
  if(/ Last>/){$la=hex("0x".$F[0]);for($fi..$la){pr($_)};next};
  pr(hex("0x".$F[0])) # generate individual characters
 UnicodeData.txt
0.44user 0.01system 0:00.46elapsed 99%CPU (0avgtext+0avgdata 8464maxresident)k
0inputs+14936outputs (0major+573minor)pagefaults 0swaps
+ locale
LANG=en_US.UTF-8
LANGUAGE=
LC_CTYPE="en_US.UTF-8"
LC_NUMERIC="en_US.UTF-8"
LC_TIME="en_US.UTF-8"
LC_COLLATE="en_US.UTF-8"
LC_MONETARY="en_US.UTF-8"
LC_MESSAGES="en_US.UTF-8"
LC_PAPER="en_US.UTF-8"
LC_NAME="en_US.UTF-8"
LC_ADDRESS="en_US.UTF-8"
LC_TELEPHONE="en_US.UTF-8"
LC_MEASUREMENT="en_US.UTF-8"
LC_IDENTIFICATION="en_US.UTF-8"
LC_ALL=
+ time sort base-characters.txt
2.69user 0.02system 0:02.71elapsed 100%CPU (0avgtext+0avgdata 86480maxresident)k
0inputs+14936outputs (0major+5516minor)pagefaults 0swaps
+ ls -ltr
total 16796
-rw-r--r-- 1 ubuntu ubuntu     909 Nov 19 05:04 run.sh
-rw-rw-r-- 1 ubuntu ubuntu       0 Nov 19 05:04 run.out
-rw-rw-r-- 1 ubuntu ubuntu 1897793 Nov 19 05:04 UnicodeData.txt
-rw-rw-r-- 1 ubuntu ubuntu 7644668 Nov 19 05:04 base-characters.txt
-rw-rw-r-- 1 ubuntu ubuntu 7644668 Nov 19 05:04 unicode-14-chars-sorted-glibc-2.15-0ubuntu10.18.txt
+ file unicode-14-chars-sorted-glibc-2.15-0ubuntu10.18.txt
unicode-14-chars-sorted-glibc-2.15-0ubuntu10.18.txt: UTF-8 Unicode text

Script done on Fri 19 Nov 2021 05:04:44 AM UTC
