Script started on 2021-11-19 05:44:30+00:00 [<not executed on terminal>]
+ dirname glibc-unicode-sorting/run.sh
+ cd glibc-unicode-sorting
+ pwd
/home/ubuntu/glibc-unicode-sorting
+ dpkg -l libc6
WARNING: terminal is not fully functional
-  (press RETURN)Desired=Unknown/Install/Remove/Purge/Hold[m
| Status=Not/Inst/Conf-files/Unpacked/halF-conf/Half-inst/trig-aWait/Trig-pend[m
|/ Err?=(none)/Reinst-required (Status,Err: uppercase=bad)[m
||/ Name           Version       Architecture Description[m
+++-==============-=============-============-=================================[m
ii  libc6:amd64    2.34-0ubuntu3 amd64        GNU C Library: Shared libraries[m
+ curl -s http://169.254.169.254/latest/meta-data/ami-id
+ SOURCE_AMI=ami-00482f016b2410dc8
+ cat /etc/issue
+ OS_VERS=Ubuntu 21.10 \n \l
+ UNICODE_VERS=14
+ awk /libc6/{print$3}
+ dpkg -l libc6
+ GLIBC_VERS=2.34-0ubuntu3
+ time curl -kO https://www.unicode.org/Public/14.0.0/ucd/UnicodeData.txt
  % Total    % Received % Xferd  Average Speed   Time    Time     Time  Current
                                 Dload  Upload   Total   Spent    Left  Speed
  0     0    0     0    0     0      0      0 --:--:-- --:--:-- --:--:--     0  0 1853k    0 16384    0     0   103k      0  0:00:17 --:--:--  0:00:17  103k100 1853k  100 1853k    0     0  3109k      0 --:--:-- --:--:-- --:--:-- 3109k
0.01user 0.00system 0:00.60elapsed 3%CPU (0avgtext+0avgdata 11604maxresident)k
0inputs+3712outputs (0major+793minor)pagefaults 0swaps
+ time perl -naF; -CO -e
  sub pr {print "0".chr($_[0]).chr($_[0]).chr($_[0]).chr($_[0])."0 ";printf("%08d\n",$_[0])}
  if(/<control>/){next}; # skip control characters
  if($F[2] eq "Cs"){next}; # skip surrogates
  if(/ First>/){$fi=hex("0x".$F[0]);next}; # generate blocks
  if(/ Last>/){$la=hex("0x".$F[0]);for($fi..$la){pr($_)};next};
  pr(hex("0x".$F[0])) # generate individual characters
 UnicodeData.txt
0.26user 0.01system 0:00.27elapsed 100%CPU (0avgtext+0avgdata 5780maxresident)k
0inputs+14936outputs (0major+267minor)pagefaults 0swaps
+ locale
LANG=C.UTF-8
LANGUAGE=
LC_CTYPE="C.UTF-8"
LC_NUMERIC="C.UTF-8"
LC_TIME="C.UTF-8"
LC_COLLATE="C.UTF-8"
LC_MONETARY="C.UTF-8"
LC_MESSAGES="C.UTF-8"
LC_PAPER="C.UTF-8"
LC_NAME="C.UTF-8"
LC_ADDRESS="C.UTF-8"
LC_TELEPHONE="C.UTF-8"
LC_MEASUREMENT="C.UTF-8"
LC_IDENTIFICATION="C.UTF-8"
LC_ALL=
+ time sort base-characters.txt
1.83user 0.00system 0:01.84elapsed 99%CPU (0avgtext+0avgdata 23212maxresident)k
0inputs+14936outputs (0major+5288minor)pagefaults 0swaps
+ ls -ltr
total 16796
-rw-r--r-- 1 ubuntu ubuntu     909 Nov 19 05:44 run.sh
-rw-rw-r-- 1 ubuntu ubuntu       0 Nov 19 05:44 run.out
-rw-rw-r-- 1 ubuntu ubuntu 1897793 Nov 19 05:44 UnicodeData.txt
-rw-rw-r-- 1 ubuntu ubuntu 7644668 Nov 19 05:44 base-characters.txt
-rw-rw-r-- 1 ubuntu ubuntu 7644668 Nov 19 05:44 unicode-14-chars-sorted-glibc-2.34-0ubuntu3.txt
+ file unicode-14-chars-sorted-glibc-2.34-0ubuntu3.txt
unicode-14-chars-sorted-glibc-2.34-0ubuntu3.txt: UTF-8 Unicode text

Script done on 2021-11-19 05:44:34+00:00 [COMMAND_EXIT_CODE="0"]
